<?xml version="1.0" encoding="UTF-8"?>
<!-- Generated by org.testng.reporters.JUnitReportReporter -->
<testsuite hostname="DESKTOP-B4RJ235" failures="0" tests="1" name="testCases.TC_001_AccountRegistrationTest" time="3.906" errors="0" timestamp="2024-07-22T11:58:25 IST" skipped="0">
  <testcase classname="testCases.TC_001_AccountRegistrationTest" name="verify_account_registration" time="3.906"/>
</testsuite> <!-- testCases.TC_001_AccountRegistrationTest -->
