<?xml version="1.0" encoding="UTF-8"?>
<!-- Generated by org.testng.reporters.JUnitReportReporter -->
<testsuite hostname="DESKTOP-B4RJ235" failures="0" tests="1" name="testCases.TC_002_LoginTest" time="3.151" errors="0" timestamp="2024-07-27T14:36:11 IST" skipped="0">
  <testcase classname="testCases.TC_002_LoginTest" name="verify_login" time="3.151"/>
</testsuite> <!-- testCases.TC_002_LoginTest -->
