<?xml version="1.0" encoding="UTF-8"?>
<!-- Generated by org.testng.reporters.JUnitReportReporter -->
<testsuite hostname="DESKTOP-B4RJ235" failures="0" tests="1" name="testCases.TC001_AccountRegistrationTest" time="4.064" errors="0" timestamp="2024-07-27T14:36:11 IST" skipped="0">
  <testcase classname="testCases.TC001_AccountRegistrationTest" name="verify_account_registration" time="4.064"/>
</testsuite> <!-- testCases.TC001_AccountRegistrationTest -->
